[debug] [2022-11-27T15:33:55.968Z] ----------------------------------------------------------------------
[debug] [2022-11-27T15:33:55.969Z] Command:       C:\Program Files\nodejs\node.exe C:\Users\Vineh\AppData\Roaming\npm\node_modules\firebase-tools\lib\bin\firebase.js init hosting
[debug] [2022-11-27T15:33:55.970Z] CLI Version:   11.16.1
[debug] [2022-11-27T15:33:55.970Z] Platform:      win32
[debug] [2022-11-27T15:33:55.970Z] Node Version:  v16.14.2
[debug] [2022-11-27T15:33:55.971Z] Time:          Sun Nov 27 2022 12:33:55 GMT-0300 (Horário Padrão de Brasília)
[debug] [2022-11-27T15:33:55.971Z] ----------------------------------------------------------------------
[debug] 
[debug] [2022-11-27T15:33:56.030Z] > command requires scopes: ["email","openid","https://www.googleapis.com/auth/cloudplatformprojects.readonly","https://www.googleapis.com/auth/firebase","https://www.googleapis.com/auth/cloud-platform"]
[debug] [2022-11-27T15:33:56.031Z] > authorizing via signed-in user (vinicius_stormoski@estudante.sesisenai.org.br)
[info] 
     ######## #### ########  ######## ########     ###     ######  ########
     ##        ##  ##     ## ##       ##     ##  ##   ##  ##       ##
     ######    ##  ########  ######   ########  #########  ######  ######
     ##        ##  ##    ##  ##       ##     ## ##     ##       ## ##
     ##       #### ##     ## ######## ########  ##     ##  ######  ########

You're about to initialize a Firebase project in this directory:

  C:\Users\Vineh\Desktop\DevInHouse-GitHub\ConectaContact-Front-end

Before we get started, keep in mind:

  * You are initializing within an existing Firebase project directory

[info] 
=== Project Setup
[info] 
[info] First, let's associate this project directory with a Firebase project.
[info] You can create multiple project aliases by running firebase use --add, 
[info] but for now we'll just set up a default project.
[info] 
[debug] [2022-11-27T15:33:58.066Z] Using project from CLI flag: conectacontactcc
[debug] [2022-11-27T15:33:58.068Z] >>> [apiv2][query] GET https://firebase.googleapis.com/v1beta1/projects/conectacontactcc [none]
[debug] [2022-11-27T15:33:58.595Z] <<< [apiv2][status] GET https://firebase.googleapis.com/v1beta1/projects/conectacontactcc 200
[debug] [2022-11-27T15:33:58.595Z] <<< [apiv2][body] GET https://firebase.googleapis.com/v1beta1/projects/conectacontactcc {"projectId":"conectacontactcc","projectNumber":"834991541265","displayName":"ConectaContactCC","name":"projects/conectacontactcc","resources":{"hostingSite":"conectacontactcc"},"state":"ACTIVE","etag":"1_2e454c5f-dcbc-4ac5-a592-d1cf7861e1e2"}
[info] i  Using project conectacontactcc (ConectaContactCC) 
[info] 
=== Hosting Setup
[info] 
[info] Your public directory is the folder (relative to your project directory) that
[info] will contain Hosting assets to be uploaded with firebase deploy. If you
[info] have a build process for your assets, use your build's output directory.
[info] 
